<?xml version="1.0" encoding="UTF-8"?>
<!-- Generated by org.testng.reporters.JUnitXMLReporter -->
<testsuite ignored="0" hostname="RAJA" failures="0" tests="5" name="Test" time="46.783" errors="0" timestamp="2022-10-14T12:04:35 IST">
  <testcase classname="selenium_automation_project.Collectionsusingselenium" name="collectionsusingselenium" time="4.195"/>
  <testcase classname="selenium_automation_project.collectionusingthebutton" name="collectionusingthebutton" time="39.514"/>
  <testcase classname="selenium_automation_project.Drive_if" name="driver_if" time="3.028"/>
  <testcase classname="selenium_automation_project.Find_the_starts_C_usingStartswith_charAt" name="find_the_starts_C_usingStartswith_charAt" time="0.001"/>
  <testcase classname="selenium_automation_project.Method" name="method" time="0.001"/>
</testsuite> <!-- Test -->
