<?xml version="1.0" encoding="UTF-8"?>
<testng-results ignored="0" total="5" passed="5" failed="0" skipped="0">
  <reporter-output>
  </reporter-output>
  <suite started-at="2022-10-14T12:03:48 IST" name="Suite" finished-at="2022-10-14T12:04:35 IST" duration-ms="46783">
    <groups>
    </groups>
    <test started-at="2022-10-14T12:03:48 IST" name="Test" finished-at="2022-10-14T12:04:35 IST" duration-ms="46783">
      <class name="selenium_automation_project.collectionusingthebutton">
        <test-method signature="collectionusingthebutton()[pri:0, instance:selenium_automation_project.collectionusingthebutton@ea6147e]" started-at="2022-10-14T12:03:52 IST" name="collectionusingthebutton" finished-at="2022-10-14T12:04:32 IST" duration-ms="39514" status="PASS">
          <reporter-output>
          </reporter-output>
        </test-method> <!-- collectionusingthebutton -->
      </class> <!-- selenium_automation_project.collectionusingthebutton -->
      <class name="selenium_automation_project.Drive_if">
        <test-method signature="driver_if()[pri:0, instance:selenium_automation_project.Drive_if@4d02f94e]" started-at="2022-10-14T12:04:32 IST" name="driver_if" finished-at="2022-10-14T12:04:35 IST" duration-ms="3028" status="PASS">
          <reporter-output>
          </reporter-output>
        </test-method> <!-- driver_if -->
      </class> <!-- selenium_automation_project.Drive_if -->
      <class name="selenium_automation_project.Method">
        <test-method signature="method()[pri:0, instance:selenium_automation_project.Method@1e683a3e]" started-at="2022-10-14T12:04:35 IST" name="method" finished-at="2022-10-14T12:04:35 IST" duration-ms="1" status="PASS">
          <reporter-output>
          </reporter-output>
        </test-method> <!-- method -->
      </class> <!-- selenium_automation_project.Method -->
      <class name="selenium_automation_project.Find_the_starts_C_usingStartswith_charAt">
        <test-method signature="find_the_starts_C_usingStartswith_charAt()[pri:0, instance:selenium_automation_project.Find_the_starts_C_usingStartswith_charAt@2b48a640]" started-at="2022-10-14T12:04:35 IST" name="find_the_starts_C_usingStartswith_charAt" finished-at="2022-10-14T12:04:35 IST" duration-ms="1" status="PASS">
          <reporter-output>
          </reporter-output>
        </test-method> <!-- find_the_starts_C_usingStartswith_charAt -->
      </class> <!-- selenium_automation_project.Find_the_starts_C_usingStartswith_charAt -->
      <class name="selenium_automation_project.Collectionsusingselenium">
        <test-method signature="collectionsusingselenium()[pri:0, instance:selenium_automation_project.Collectionsusingselenium@15bbf42f]" started-at="2022-10-14T12:03:48 IST" name="collectionsusingselenium" finished-at="2022-10-14T12:03:52 IST" duration-ms="4195" status="PASS">
          <reporter-output>
          </reporter-output>
        </test-method> <!-- collectionsusingselenium -->
      </class> <!-- selenium_automation_project.Collectionsusingselenium -->
    </test> <!-- Test -->
  </suite> <!-- Suite -->
</testng-results>
