<?xml version="1.0" encoding="UTF-8"?>
<testng-results ignored="0" total="2" passed="2" failed="0" skipped="0">
  <reporter-output>
  </reporter-output>
  <suite started-at="2022-10-30T09:46:41 IST" name="Suite" finished-at="2022-10-30T09:46:49 IST" duration-ms="8395">
    <groups>
    </groups>
    <test started-at="2022-10-30T09:46:41 IST" name="Test" finished-at="2022-10-30T09:46:49 IST" duration-ms="8395">
      <class name="selenium_automation_project.Drive_if">
        <test-method signature="driver_if()[pri:0, instance:selenium_automation_project.Drive_if@550ee7e5]" started-at="2022-10-30T09:46:41 IST" name="driver_if" finished-at="2022-10-30T09:46:49 IST" duration-ms="8342" status="PASS">
          <reporter-output>
          </reporter-output>
        </test-method> <!-- driver_if -->
      </class> <!-- selenium_automation_project.Drive_if -->
      <class name="selenium_automation_project.Method">
        <test-method signature="method()[pri:0, instance:selenium_automation_project.Method@be35cd9]" started-at="2022-10-30T09:46:41 IST" name="method" finished-at="2022-10-30T09:46:41 IST" duration-ms="8" status="PASS">
          <reporter-output>
          </reporter-output>
        </test-method> <!-- method -->
      </class> <!-- selenium_automation_project.Method -->
    </test> <!-- Test -->
  </suite> <!-- Suite -->
</testng-results>
